# timestamp | duration | file | instruction | dir | modtime | etag | size | fileId | status | errorString | http result code | other size | other modtime | X-Request-ID
#=#=#=# Syncrun started 2021-07-02T07:53:10Z
#=#=#=#=# Propagation starts 2021-07-02T07:53:11Z (last step: 1285 msec, total: 1285 msec)
07:53:11||__pycache__/beta_beat_estimation.cpython-38.pyc|8|2|1625210572|173750072113102848:957e6200|10814|173750072113102848|3|File has changed since discovery|200|0|0|a4833e2f-df55-483d-ab3c-10b9d9ddb45f|
07:53:11||base_scripts/REALISTIC_ERROR.madx|8|2|1624883985|172799705909035008:b721ce11|1426|172799705909035008|3|File has changed since discovery|200|0|0|f095b6af-dcf1-4e4f-9da6-c8fb50ae3fed|
07:53:11||base_scripts/EFFCOMP.madx|8|2|1620283318|160058162781618176:58951bb7|879|160058162781618176|3|File has changed since discovery|200|0|0|361f376a-9018-4fd4-b10a-61f2b96ff940|
07:53:11||__pycache__/plot_beta_beat_estimation.cpython-38.pyc|8|2|1624886591|172799705640599552:0b1f2bcb|15464|172799705640599552|3|File has changed since discovery|200|0|0|922c84a2-7a97-4989-b550-e87f48d77e16|
||home|8|2|1624882282|34fdc37:1624882289.828|0|55565367|4||0|0|0||
||home/eirik|8|2|1624882282|34fdc39:1624882289.828|0|55565369|4||0|0|0||
||home/eirik/CERN|8|2|1624882282|34fdc3a:1624882289.828|0|55565370|4||0|0|0||
||home/eirik/CERN/beta_beat_estimation|8|2|1624882282|34fdc3c:1624882289.828|0|55565372|4||0|0|0||
07:53:11||base_scripts/feedown.madx|8|2|1623157212|167683505969430528:61db45b5|998|167683505969430528|3|File has changed since discovery|200|0|0|256dc8e3-28d0-42a0-989f-d17e448db5a0|
||home/eirik/CERN/beta_beat_estimation/model_opticsfile.180_Qx0.31_Qy0.32|8|2|1624882289|34fdc3d:1624882289.828|0|55565373|4||0|0|0||
||home/eirik/CERN/beta_beat_estimation/model_opticsfile.180_Qx0.31_Qy0.32/macros|8|2|1624882283|34fdc3e:1624882283.386|0|55565374|4||0|0|0||
07:53:11||base_scripts/andreas_macros.madx|8|2|1623161596|167693541160517632:140bb9bc|1536|167693541160517632|3|File has changed since discovery|200|0|0|bda658a7-8344-4a22-a605-734f1155d6a1|
07:53:11||home/eirik/CERN/beta_beat_estimation/model_opticsfile.180_Qx0.31_Qy0.32/macros/general.macros.madx|8|2|1624880209|172787527260831744:9c238547|8829|172787527260831744|4||200|0|0|f9266d19-90bd-4370-bdd3-fd53a9eef7a0|
07:53:11||base_scripts/feedown_error.madx|8|2|1623157695|167685046252077056:65815b80|289|167685046252077056|3|File has changed since discovery|200|0|0|9e852213-753b-428d-a6d5-179f8ae7d235|
07:53:11||home/eirik/CERN/beta_beat_estimation/model_opticsfile.180_Qx0.31_Qy0.32/macros/lhc.macros.madx|8|2|1624880209|172787527529267200:17b6c5c8|19257|172787527529267200|4||200|0|0|2a040c1c-1d70-44f7-bdd8-5e5efa5ae3b8|
07:53:11||home/eirik/CERN/beta_beat_estimation/model_opticsfile.180_Qx0.31_Qy0.32/error_deffs.txt|8|2|1624880209|172787528066138112:9fb36330|449|172787528066138112|4||200|0|0|293add5b-a598-405e-8ee4-d6e58e785903|
07:53:11||home/eirik/CERN/beta_beat_estimation/model_opticsfile.180_Qx0.31_Qy0.32/b2_settings.madx|8|2|1624880209|172787527797702656:c25bcbd8|4716|172787527797702656|4||200|0|0|1857d3c5-fe4b-4e4b-b3d9-b7ec72390643|
07:53:11||home/eirik/CERN/beta_beat_estimation/model_opticsfile.180_Qx0.31_Qy0.32/madx_log.txt|8|2|1624880217|172787528871444480:9a95e7f2|24370|172787528871444480|4||200|0|0|bb1c4aff-d62c-461e-af8a-31a236758552|
07:53:11||home/eirik/CERN/beta_beat_estimation/model_opticsfile.180_Qx0.31_Qy0.32/job.twiss.madx|8|2|1624880210|172787528603009024:57fe09fb|1549|172787528603009024|4||200|0|0|d631bc85-9ea4-4a28-a83e-0d9a58546ca2|
07:53:11||base_scripts/MB_B1_6.5TeV.errors|8|2|1620302343|160058164123795456:8d52b61c|2510596|160058164123795456|3|File has changed since discovery|200|0|0|e98802d3-4082-48f1-b1cd-2cc9424ecdd0|
07:53:12||home/eirik/CERN/beta_beat_estimation/model_opticsfile.180_Qx0.31_Qy0.32/modifiers.madx|8|2|1624880217|172787529408315392:e62e2946|132|172787529408315392|4||200|0|0|79326a2a-73b9-4afb-9f28-c506c1d8aba7|
07:53:12||home/eirik/CERN/beta_beat_estimation/model_opticsfile.180_Qx0.31_Qy0.32/twiss.dat|8|2|1624880213|172787529945186304:5aa03379|362118|172787529945186304|4||200|0|0|f277908b-9bc1-4ab0-9f00-b93d183389e5|
07:53:12||home/eirik/CERN/beta_beat_estimation/model_opticsfile.180_Qx0.31_Qy0.32/twiss_ac.dat|8|2|1624880216|172787530213621760:6ee359ea|362118|172787530213621760|4||200|0|0|b695f428-92d5-43d4-b9fb-b703651096cf|
07:53:12||plots/IP8_betabeat_noiseTrue_withFeedown_45.pdf|8|2|1624885537|172799717183324160:b74a6fb8|13653|172799717183324160|3|File has changed since discovery|200|0|0|ca336fd6-73fb-467d-9b8d-f110d85bf45e|
07:53:11||home/eirik/CERN/beta_beat_estimation/model_opticsfile.180_Qx0.31_Qy0.32/b2_errors.tfs|8|2|1624880210|172787529139879936:ff6e55af|2774429|172787529139879936|4||200|0|0|0d0c3076-3f36-4947-8668-86bd272b5db5|
07:53:12||plots/IP8_betabeat_noiseTrue_withFeedown_6030.pdf|8|2|1624885529|172799717988630528:b5a6937f|13699|172799717988630528|3|File has changed since discovery|200|0|0|9db17410-764a-4479-802e-1aeb55115c41|
07:53:12||plots/IP8_betabeat_noiseTrue_withFeedown_604530.pdf|8|2|1625211794|173753401249628160:f0c99965|13709|173753401249628160|3|File has changed since discovery|200|0|0|5dbe5cf6-3b66-4e1a-a641-b22ce17d1ce6|
07:53:12||plots/IP_betabeat_noiseTrue_withFeedown2_604530.pdf|8|2|1623164917|167706181786140672:1c2cd66d|14796|167706181786140672|3|File has changed since discovery|200|0|0|ad7e4732-af61-4caa-adb5-cba490a0f4cc|
07:53:12||plots/IP_betabeat_noiseTrue_604530.pdf|8|2|1623155501|167673670225887232:e58bf2a5|15330|167673670225887232|3|File has changed since discovery|200|0|0|e627dceb-696d-488d-911d-2e779bac7b83|
07:53:12||plots/IP_betabeat_noiseTrue_6030.pdf|8|2|1623135695|167610643996737536:93fb006f|15325|167610643996737536|3|File has changed since discovery|200|0|0|58112b03-651e-4bf5-9149-649bb1afa92f|
07:53:12||plots/IP_betabeat_noiseTrue_45.pdf|8|2|1623135704|167610691778248704:c91cfb87|15359|167610691778248704|3|File has changed since discovery|200|0|0|8a5da6ea-b0e7-45c5-8535-24bd8d64c1ef|
07:53:13||plots/IP_betabeat_noiseTrue_withFeedown4_604530.pdf|8|2|1623219386|167801901306347520:39da1f46|15387|167801901306347520|3|File has changed since discovery|200|0|0|347b5524-889c-4032-a43b-edb33dd6813f|
07:53:13||plots/IP_betabeat_noiseTrue_withFeedown3_604530.pdf|8|2|1623164317|167703488573210624:3a9db083|14693|167703488573210624|3|File has changed since discovery|200|0|0|5232006e-48b9-4790-a66c-5725ed186cbe|
07:53:13||plots/IP_betabeat_noiseTrue_withFeedown_45.pdf|8|2|1624885536|172799718257065984:1a5130ff|14783|172799718257065984|3|File has changed since discovery|200|0|0|54a867d8-1192-47b9-a1a3-0fe9bad140c3|
07:53:13||plots/IP_betabeat_noiseTrue_withFeedown_6030.pdf|8|2|1624885529|172799718525501440:408a9d7b|14473|172799718525501440|3|File has changed since discovery|200|0|0|bbf916fb-63a4-454c-91c7-a96d4526b4c7|
07:53:13||plots/IP_betabeat_noiseTrue_withFeedown_604530.pdf|8|2|1625211793|173753400712757248:7e78b665|14500|173753400712757248|3|File has changed since discovery|200|0|0|e2ddc122-2659-4735-8c0a-bc4c90fe71cf|
07:53:13||plots/betabeat_feedown.pdf|8|2|1623156050|167677232364388352:de75c34d|17967|167677232364388352|3|File has changed since discovery|200|0|0|2ab76ca7-b8ed-4540-bb49-fbe7b405d070|
07:53:13||plots/betabeat_noiseTrue_planeX_noiseBPM_onlyFeedown.pdf|8|2|1623161359|167692897989165056:0d6e0b26|23151|167692897989165056|3|File has changed since discovery|200|0|0|447af9f4-066d-44a0-9853-d592fd425105|
07:53:13||plots/betabeat_noiseTrue_planeX_noiseBPM.pdf|8|2|1623162162|167694418676023296:6180cfc0|24065|167694418676023296|3|File has changed since discovery|200|0|0|d4006973-2dea-4645-b934-16e76e003f5a|
07:53:13||plots/betabeat_noiseTrue_planeX_noiseBPM_withFeedown.pdf|8|2|1623161897|167693778189025280:1d284a57|23240|167693778189025280|3|File has changed since discovery|200|0|0|e53a3db3-9054-4edb-a421-1ad1f4ec837e|
07:53:12||home/eirik/CERN/beta_beat_estimation/model_opticsfile.180_Qx0.31_Qy0.32/twiss_elements.dat|8|2|1624880215|172787533971718144:eec2bc13|7405743|172787533971718144|4||200|0|0|b0451356-0233-4727-8be0-e51c56f9019f|
07:53:13||plots/betabeat_noiseTrue_planeX_withfeeddown_noiseBPM.pdf|8|2|1624886092|172799720941420544:68898dde|28096|172799720941420544|3|File has changed since discovery|200|0|0|52ca8ba3-d808-4afc-a3bf-8f95b22a491f|
07:53:13||plots/correction_correlation.pdf|8|2|1623825062|170892604869705728:a340c049|14996|170892604869705728|3|File has changed since discovery|200|0|0|d4020f09-f3c2-446d-b5e1-a1ce4e47abb5|
07:53:13||plots/correction_correlation_opticsfile.150.pdf|8|2|1625211787|173753400981192704:37f0f5b0|14521|173753400981192704|3|File has changed since discovery|200|0|0|c2a82152-098f-4b35-a028-c5cd39daa228|
07:53:13||plots/correction_correlation_opticsfile.180.pdf|8|2|1624886428|172799723088904192:e7d4ab9b|14960|172799723088904192|3|File has changed since discovery|200|0|0|ab7aab25-2892-46ed-9baf-4bf8a18da341|
07:53:13||plots/lumi_betabeat_noiseTrue_45.pdf|8|2|1623138034|167617292606111744:a996c79f|14885|167617292606111744|3|File has changed since discovery|200|0|0|038c3797-4ff2-4c7b-bafe-54c634eae24d|
07:53:13||plots/lumi_betabeat_noiseTrue_withFeedown2_604530.pdf|8|2|1623164918|167706182323011584:9b884937|14639|167706182323011584|3|File has changed since discovery|200|0|0|c7c6c1b5-0c43-4e1f-b511-d7fa8b19ded9|
07:53:13||plots/lumi_betabeat_noiseTrue_6030.pdf|8|2|1623138019|167617275963113472:0d4e5bb8|14667|167617275963113472|3|File has changed since discovery|200|0|0|599993e9-4433-4d81-92a2-2c406a622642|
07:53:13||plots/lumi_betabeat_noiseTrue_withFeedown_45.pdf|8|2|1624885538|172799723357339648:fd740bf6|14585|172799723357339648|3|File has changed since discovery|200|0|0|4a06b05b-e1b4-498c-aea0-494065227cf6|
07:53:13||plots/lumi_betabeat_noiseTrue_withFeedown3_604530.pdf|8|2|1623164318|167703488841646080:845fd510|14950|167703488841646080|3|File has changed since discovery|200|0|0|20e6027a-432a-44a3-9b7f-191a852cd234|
07:53:13||plots/lumi_betabeat_noiseTrue_withFeedown4_604530.pdf|8|2|1623219417|167801912580636672:d4cf0e59|14440|167801912580636672|3|File has changed since discovery|200|0|0|0bae720a-6422-44d8-b3a5-7e4461e64be9|
07:53:13||plots/lumi_betabeat_noiseTrue_604530.pdf|8|2|1623155506|167673716396785664:dd756d19|14663|167673716396785664|3|File has changed since discovery|200|0|0|28ef4f5d-7b0a-45cc-96f9-6cf90a71af6a|
07:53:13||plots/lumi_betabeat_noiseTrue_withFeedown_6030.pdf|8|2|1624885531|172799723625775104:78b28ec7|14989|172799723625775104|3|File has changed since discovery|200|0|0|fe3791db-d42a-4179-bd46-e5af2fb387ba|
07:53:13||plots/lumi_betabeat_noiseTrue_withFeedown_604530.pdf|8|2|1625211795|173753401518063616:301b1a7c|15269|173753401518063616|3|File has changed since discovery|200|0|0|c041f25c-a421-4566-b5bd-fc211b749c26|
07:53:13||plots/max_betabeat_noiseTrue_6030.pdf|8|2|1623134812|167608164995301376:3f4228d1|15130|167608164995301376|3|File has changed since discovery|200|0|0|d045b820-2752-4a19-b913-115c5a32982f|
07:53:13||plots/max_betabeat_noiseTrue_withFeedown4_604530.pdf|8|2|1623219379|167801900501041152:6272db03|15336|167801900501041152|3|File has changed since discovery|200|0|0|d92ba9ad-a459-4e03-9199-560dcf9d1b81|
07:53:13||plots/max_betabeat_noiseTrue_withFeedown3_604530.pdf|8|2|1623164314|167703489110081536:e919f59a|14852|167703489110081536|3|File has changed since discovery|200|0|0|8f5ce624-8bb5-4fd9-8efa-4566604b5723|
07:53:13||plots/max_betabeat_noiseTrue_withFeedown2_604530.pdf|8|2|1623164915|167706182859882496:47d8b6db|14774|167706182859882496|3|File has changed since discovery|200|0|0|53b88953-e889-44b2-b75c-7eddea4fdd84|
07:53:13||plots/max_betabeat_noiseTrue_withFeedown_45.pdf|8|2|1624885535|172799724162646016:7d9d0ff7|13922|172799724162646016|3|File has changed since discovery|200|0|0|ca3398bf-ba3f-4b24-a131-33680c70f468|
07:53:13||plots/max_betabeat_noiseTrue_withFeedown_604530.pdf|8|2|1625211792|173753401786499072:41fb2677|13963|173753401786499072|3|File has changed since discovery|200|0|0|f7f96342-1c23-4d80-8b9a-8fab5488a856|
07:53:13||plots/max_betabeat_noiseTrue_45.pdf|8|2|1623134853|167608174927413248:18a9ac66|14730|167608174927413248|3|File has changed since discovery|200|0|0|86d50e48-0012-4140-929c-18cbab72204a|
07:53:13||plots/max_strength_hist_opticsfile.120.pdf|8|2|1625211790|173753402054934528:c1702b78|16179|173753402054934528|3|File has changed since discovery|200|0|0|f2c238f1-5a40-47b7-926b-350cff3d7518|
07:53:13||plots/max_betabeat_noiseTrue_withFeedown_6030.pdf|8|2|1624885528|172799724431081472:336e310b|13972|172799724431081472|3|File has changed since discovery|200|0|0|bf75e2cd-b46c-4800-9a9d-3f19eced5e9e|
07:53:13||plots/max_betabeat_noiseTrue_604530.pdf|8|2|1623159979|167689250756624384:3e70d6ff|14843|167689250756624384|3|File has changed since discovery|200|0|0|ddbab2ab-4ea4-4377-b995-97b4bc72f182|
07:53:13||plots/max_strength_hist_opticsfile.150.pdf|8|2|1624886445|172799725504823296:093e32a9|16181|172799725504823296|3|File has changed since discovery|200|0|0|c44a22be-794f-448e-bef2-26f8263a822c|
07:53:14||plots/rms_betabeat_noiseTrue_45.pdf|8|2|1623134840|167608171437752320:fcdb9bcc|15259|167608171437752320|3|File has changed since discovery|200|0|0|d8462d2c-8507-4a5b-be64-16604082f84e|
07:53:14||plots/real_correction.pdf|8|2|1624534815|172279734082732032:d2dd692e|13251|172279734082732032|3|File has changed since discovery|200|0|0|f63c7c21-32d1-4e6f-ac8e-b92da1bf7fa0|
07:53:14||plots/orbit.pdf|8|2|1623155918|167676714015522816:3aa0e511|12156|167676714015522816|3|File has changed since discovery|200|0|0|dff031c5-a73f-454c-8d5f-62ee605a0841|
07:53:14||plots/rms_betabeat_noiseTrue_withFeedown2_604530.pdf|8|2|1623164905|167706183128317952:8f5f9a75|15416|167706183128317952|3|File has changed since discovery|200|0|0|b8ff04af-e9b6-47e2-b224-8acf19307974|
07:53:14||plots/rms_betabeat_noiseTrue_6030.pdf|8|2|1623134803|167608163384688640:197627ae|15665|167608163384688640|3|File has changed since discovery|200|0|0|782348af-df89-4405-b229-25641f4ee74c|
07:53:14||plots/max_strength_hist_opticsfile.180.pdf|8|2|1624886448|172799725773258752:bc7030fa|16168|172799725773258752|3|File has changed since discovery|200|0|0|0e2d7e4d-a397-4d13-8ea4-de586e0ea406|
07:53:14||plots/rms_betabeat_noiseTrue_withFeedown3_604530.pdf|8|2|1623164311|167703489378516992:2ddda073|15419|167703489378516992|3|File has changed since discovery|200|0|0|b75939dd-28e1-4562-9f88-25ef84574678|
07:53:14||plots/rms_betabeat_noiseTrue_withFeedown4_604530.pdf|8|2|1623219362|167801899427299328:c60ba1f6|15926|167801899427299328|3|File has changed since discovery|200|0|0|6f392f6c-b848-4d31-ac56-93bafacc0f41|
07:53:14||plots/rms_betabeat_noiseTrue_withFeedown_45.pdf|8|2|1624885533|172799726041694208:e26d8277|14860|172799726041694208|3|File has changed since discovery|200|0|0|a747a64b-537d-4e2d-b2b8-cafe22c764d3|
07:53:14||plots/rms_betabeat_noiseTrue_withFeedown_604530.pdf|8|2|1625211792|173753402323369984:3f5ea157|15526|173753402323369984|3|File has changed since discovery|200|0|0|33e699c4-6bcf-4aaa-a41c-0f5da8e7b3cd|
07:53:14||plots/rms_strength_hist_opticsfile.120.pdf|8|2|1624886449|172799726847000576:3bf38790|16323|172799726847000576|3|File has changed since discovery|200|0|0|67df809a-24e2-4881-8416-50048c223583|
07:53:14||plots/rms_betabeat_noiseTrue_withFeedown_6030.pdf|8|2|1624885527|172799726310129664:16b29a23|14849|172799726310129664|3|File has changed since discovery|200|0|0|fb7bf308-bc5d-46a6-a3a8-9f1f1f4f0002|
07:53:14||plots/rms_strength_hist_opticsfile.180.pdf|8|2|1624886453|172799727383871488:12ba97ad|16319|172799727383871488|3|File has changed since discovery|200|0|0|670dd9d8-78ef-41f5-ac28-c7fd7d16dca6|
07:53:14||plots/rms_strength_hist_opticsfile.150.pdf|8|2|1624886451|172799727115436032:da3058bf|16326|172799727115436032|3|File has changed since discovery|200|0|0|87e17eb4-f770-443b-8ba6-f7e339ff90e3|
07:53:14||plots/test.pdf|8|2|1623167767|167716452395122688:d922d20c|23212|167716452395122688|3|File has changed since discovery|200|0|0|30349ab0-1ea6-4846-832d-a111b07c19a5|
07:53:14||plots/weight_304560.pdf|8|2|1624885365|172799727652306944:50699736|15199|172799727652306944|3|File has changed since discovery|200|0|0|9e3441eb-51a4-4189-b5b3-6149c86a0de3|
07:53:14||plots/weight_45.pdf|8|2|1624885369|172799728189177856:8ed163f8|14684|172799728189177856|3|File has changed since discovery|200|0|0|ebec843d-4827-49b2-85d1-dc131abce76b|
07:53:14||plots/weight_plot.pdf|8|2|1623239637|167856147011731456:7240e445|15184|167856147011731456|3|File has changed since discovery|200|0|0|f9403fff-e929-4861-b09b-7b866f9aecfc|
07:53:17||plots/rms_betabeat_noiseTrue_604530.pdf|8|2|1623156841|167683490400174080:dd8e8898|15373|167683490400174080|3|File has changed since discovery|200|0|0|223d9394-800c-41e0-84a5-e05cc6401554|
07:53:17||plots/weight_3060.pdf|8|2|1624885368|172799727920742400:2b0a5615|15068|172799727920742400|3|File has changed since discovery|200|0|0|8bf4ea57-f483-4e1a-96ad-5550c1ce6799|
#=#=#=# Syncrun finished 2021-07-02T07:53:17Z (last step: 6063 msec, total: 7348 msec)
#=#=#=# Syncrun started 2021-07-02T07:53:21Z
#=#=#=#=# Propagation starts 2021-07-02T07:53:22Z (last step: 511 msec, total: 511 msec)
#=#=#=# Syncrun finished 2021-07-02T07:53:22Z (last step: 53 msec, total: 564 msec)
#=#=#=# Syncrun started 2021-07-02T07:53:31Z
#=#=#=#=# Propagation starts 2021-07-02T07:53:31Z (last step: 164 msec, total: 164 msec)
07:53:31||__pycache__|2|1|1625210576|32b973b:1625210576.525|0|53188411|4||204|0|1625210576|143e6989-b180-4491-ac1f-e74473657608|
#=#=#=# Syncrun finished 2021-07-02T07:53:31Z (last step: 91 msec, total: 255 msec)
#=#=#=# Syncrun started 2021-07-02T07:54:25Z
#=#=#=#=# Propagation starts 2021-07-02T07:54:25Z (last step: 167 msec, total: 167 msec)
#=#=#=# Syncrun finished 2021-07-02T07:54:25Z (last step: 7 msec, total: 174 msec)
#=#=#=# Syncrun started 2021-07-02T07:55:50Z
#=#=#=#=# Propagation starts 2021-07-02T07:55:51Z (last step: 165 msec, total: 165 msec)
07:55:51||home|2|1|1624882282|34fdc37:1624882289.828|0|55565367|4||204|0|1624882282|e0735a05-0208-4c5d-ac5d-27c6bffaee59|
#=#=#=# Syncrun finished 2021-07-02T07:55:51Z (last step: 91 msec, total: 256 msec)
